<?xml version="1.0" encoding="UTF-8"?>
<testng-results ignored="0" total="1" passed="1" failed="0" skipped="0">
  <reporter-output>
  </reporter-output>
  <suite started-at="2019-06-17T14:44:06Z" name="Suite" finished-at="2019-06-17T14:44:40Z" duration-ms="33511">
    <groups>
    </groups>
    <test started-at="2019-06-17T14:44:06Z" name="Test" finished-at="2019-06-17T14:44:40Z" duration-ms="33511">
      <class name="mavn.DemoA">
        <test-method signature="testA()[pri:0, instance:mavn.DemoA@b9afc07]" started-at="2019-06-17T14:44:06Z" name="testA" finished-at="2019-06-17T14:44:40Z" duration-ms="33333" status="PASS">
          <reporter-output>
          </reporter-output>
        </test-method> <!-- testA -->
      </class> <!-- mavn.DemoA -->
    </test> <!-- Test -->
  </suite> <!-- Suite -->
</testng-results>
